#
# There is insufficient memory for the Java Runtime Environment to continue.
# Native memory allocation (malloc) failed to allocate 1373136 bytes for Chunk::new
# Possible reasons:
#   The system is out of physical RAM or swap space
#   In 32 bit mode, the process size limit was hit
# Possible solutions:
#   Reduce memory load on the system
#   Increase physical memory or swap space
#   Check if swap backing store is full
#   Use 64 bit Java on a 64 bit OS
#   Decrease Java heap size (-Xmx/-Xms)
#   Decrease number of Java threads
#   Decrease Java thread stack sizes (-Xss)
#   Set larger code cache with -XX:ReservedCodeCacheSize=
# This output file may be truncated or incomplete.
#
#  Out of Memory Error (allocation.cpp:390), pid=11712, tid=0x00000000000037b8
#
# JRE version: OpenJDK Runtime Environment (8.0_76-b03) (build 1.8.0_76-release-b03)
# Java VM: OpenJDK 64-Bit Server VM (25.76-b03 mixed mode windows-amd64 compressed oops)
# Failed to write core dump. Minidumps are not enabled by default on client versions of Windows
#

---------------  T H R E A D  ---------------

Current thread (0x000000001650c800):  JavaThread "C2 CompilerThread0" daemon [_thread_in_native, id=14264, stack(0x0000000017b60000,0x0000000017c60000)]

Stack: [0x0000000017b60000,0x0000000017c60000]
[error occurred during error reporting (printing stack bounds), id 0xc0000005]

Native frames: (J=compiled Java code, j=interpreted, Vv=VM code, C=native code)


Current CompileTask:
C2:1912956 19341       4       org.gradle.api.internal.artifacts.ivyservice.resolveengine.graph.DependencyGraphBuilder$ConfigurationNode::visitOutgoingDependencies (326 bytes)


---------------  P R O C E S S  ---------------

Java Threads: ( => current thread )
  0x0000000021525800 JavaThread "Stdin handler" [_thread_blocked, id=10200, stack(0x000000003cfe0000,0x000000003d0e0000)]
  0x0000000021524800 JavaThread "Asynchronous log dispatcher for org.gradle.launcher.daemon.server.DefaultDaemonConnection@449dbb3d" [_thread_blocked, id=4144, stack(0x000000003cee0000,0x000000003cfe0000)]
  0x000000002152b800 JavaThread "Daemon worker Thread 6" [_thread_in_native, id=13092, stack(0x000000003cde0000,0x000000003cee0000)]
  0x0000000021529000 JavaThread "Cancel handler" [_thread_blocked, id=9104, stack(0x000000003cce0000,0x000000003cde0000)]
  0x0000000021528800 JavaThread "Handler for socket connection from /127.0.0.1:59948 to /127.0.0.1:63823" [_thread_in_native, id=10328, stack(0x000000003cbe0000,0x000000003cce0000)]
  0x0000000021527000 JavaThread "Daemon Thread 6" [_thread_blocked, id=13932, stack(0x000000003cae0000,0x000000003cbe0000)]
  0x000000001d1fb000 JavaThread "pool-16-thread-4" [_thread_blocked, id=13512, stack(0x000000002c1e0000,0x000000002c2e0000)]
  0x000000001d1f3800 JavaThread "pool-16-thread-2" [_thread_blocked, id=2216, stack(0x000000002c0e0000,0x000000002c1e0000)]
  0x000000001d1fa000 JavaThread "pool-16-thread-3" [_thread_blocked, id=14024, stack(0x000000002bfe0000,0x000000002c0e0000)]
  0x000000001d1f8000 JavaThread "pool-16-thread-1" [_thread_blocked, id=3752, stack(0x000000002bee0000,0x000000002bfe0000)]
  0x000000001d1ed800 JavaThread "stdout" daemon [_thread_in_native, id=7524, stack(0x0000000028ee0000,0x0000000028fe0000)]
  0x000000001d1f2800 JavaThread "stderr" daemon [_thread_in_native, id=12156, stack(0x0000000028de0000,0x0000000028ee0000)]
  0x0000000018007000 JavaThread "stdout" daemon [_thread_in_native, id=3872, stack(0x0000000028ce0000,0x0000000028de0000)]
  0x0000000018008800 JavaThread "stderr" daemon [_thread_in_native, id=3032, stack(0x0000000028be0000,0x0000000028ce0000)]
  0x0000000018009800 JavaThread "stdout" daemon [_thread_in_native, id=8748, stack(0x0000000028ae0000,0x0000000028be0000)]
  0x0000000018008000 JavaThread "stderr" daemon [_thread_in_native, id=12328, stack(0x00000000289e0000,0x0000000028ae0000)]
  0x0000000018005800 JavaThread "stdout" daemon [_thread_in_native, id=12592, stack(0x00000000288e0000,0x00000000289e0000)]
  0x0000000018006800 JavaThread "stderr" daemon [_thread_in_native, id=6004, stack(0x00000000287e0000,0x00000000288e0000)]
  0x0000000017fff000 JavaThread "stdout" daemon [_thread_in_native, id=9624, stack(0x00000000286e0000,0x00000000287e0000)]
  0x0000000018005000 JavaThread "stderr" daemon [_thread_in_native, id=5092, stack(0x00000000285e0000,0x00000000286e0000)]
  0x0000000018004000 JavaThread "stdout" daemon [_thread_in_native, id=8632, stack(0x00000000284e0000,0x00000000285e0000)]
  0x0000000018003800 JavaThread "stderr" daemon [_thread_in_native, id=12520, stack(0x00000000283e0000,0x00000000284e0000)]
  0x0000000018002800 JavaThread "stdout" daemon [_thread_in_native, id=5156, stack(0x00000000282e0000,0x00000000283e0000)]
  0x0000000018002000 JavaThread "stderr" daemon [_thread_in_native, id=9560, stack(0x00000000281e0000,0x00000000282e0000)]
  0x0000000018001000 JavaThread "stdout" daemon [_thread_in_native, id=1852, stack(0x00000000280e0000,0x00000000281e0000)]
  0x0000000017fff800 JavaThread "stderr" daemon [_thread_in_native, id=8668, stack(0x0000000027fe0000,0x00000000280e0000)]
  0x0000000017ffe000 JavaThread "stdout" daemon [_thread_in_native, id=5180, stack(0x0000000027ee0000,0x0000000027fe0000)]
  0x0000000018000800 JavaThread "stderr" daemon [_thread_in_native, id=8308, stack(0x0000000027de0000,0x0000000027ee0000)]
  0x0000000017ffa000 JavaThread "stdout" daemon [_thread_in_native, id=12464, stack(0x0000000027ce0000,0x0000000027de0000)]
  0x0000000017ffd000 JavaThread "stderr" daemon [_thread_in_native, id=13460, stack(0x0000000027be0000,0x0000000027ce0000)]
  0x0000000017ffc800 JavaThread "stdout" daemon [_thread_in_native, id=3160, stack(0x0000000027ae0000,0x0000000027be0000)]
  0x0000000017ffb800 JavaThread "stderr" daemon [_thread_in_native, id=8648, stack(0x00000000279e0000,0x0000000027ae0000)]
  0x0000000017ffb000 JavaThread "stdout" daemon [_thread_in_native, id=11656, stack(0x00000000278e0000,0x00000000279e0000)]
  0x000000001c0b5000 JavaThread "stderr" daemon [_thread_in_native, id=9156, stack(0x00000000277e0000,0x00000000278e0000)]
  0x000000001c0b2000 JavaThread "stdout" daemon [_thread_in_native, id=3452, stack(0x00000000276e0000,0x00000000277e0000)]
  0x000000001c0b3800 JavaThread "stderr" daemon [_thread_in_native, id=11816, stack(0x00000000275e0000,0x00000000276e0000)]
  0x000000001c0af000 JavaThread "stdout" daemon [_thread_in_native, id=13928, stack(0x00000000274e0000,0x00000000275e0000)]
  0x000000001c0b0800 JavaThread "stderr" daemon [_thread_in_native, id=13948, stack(0x00000000273e0000,0x00000000274e0000)]
  0x000000001c0b1000 JavaThread "stdout" daemon [_thread_in_native, id=8356, stack(0x00000000272e0000,0x00000000273e0000)]
  0x000000001c0af800 JavaThread "stderr" daemon [_thread_in_native, id=13804, stack(0x00000000271e0000,0x00000000272e0000)]
  0x000000001c0b4000 JavaThread "stdout" daemon [_thread_in_native, id=11528, stack(0x00000000270e0000,0x00000000271e0000)]
  0x000000001c0ae000 JavaThread "stderr" daemon [_thread_in_native, id=3900, stack(0x0000000026fe0000,0x00000000270e0000)]
  0x000000001c0b2800 JavaThread "stdout" daemon [_thread_in_native, id=6600, stack(0x0000000026ee0000,0x0000000026fe0000)]
  0x000000001c0a6800 JavaThread "stderr" daemon [_thread_in_native, id=1424, stack(0x0000000026de0000,0x0000000026ee0000)]
  0x000000001c0ad800 JavaThread "stdout" daemon [_thread_in_native, id=1140, stack(0x0000000026ce0000,0x0000000026de0000)]
  0x000000001c0a5800 JavaThread "stderr" daemon [_thread_in_native, id=4644, stack(0x0000000026be0000,0x0000000026ce0000)]
  0x000000001c0aa800 JavaThread "stdout" daemon [_thread_in_native, id=12256, stack(0x0000000026ae0000,0x0000000026be0000)]
  0x000000001c0a8000 JavaThread "stderr" daemon [_thread_in_native, id=13024, stack(0x00000000269e0000,0x0000000026ae0000)]
  0x000000001c0ac800 JavaThread "stdout" daemon [_thread_in_native, id=12688, stack(0x00000000268e0000,0x00000000269e0000)]
  0x000000001c0ac000 JavaThread "stderr" daemon [_thread_in_native, id=4888, stack(0x00000000267e0000,0x00000000268e0000)]
  0x000000001c0a9000 JavaThread "png-cruncher_20" daemon [_thread_blocked, id=8616, stack(0x00000000266e0000,0x00000000267e0000)]
  0x000000001c0ab000 JavaThread "png-cruncher_19" daemon [_thread_blocked, id=12280, stack(0x00000000265e0000,0x00000000266e0000)]
  0x000000001c0a7800 JavaThread "png-cruncher_18" daemon [_thread_blocked, id=14180, stack(0x00000000264e0000,0x00000000265e0000)]
  0x000000001c0a9800 JavaThread "png-cruncher_17" daemon [_thread_blocked, id=13864, stack(0x00000000263e0000,0x00000000264e0000)]
  0x000000001de47000 JavaThread "png-cruncher_16" daemon [_thread_blocked, id=6100, stack(0x00000000262e0000,0x00000000263e0000)]
  0x000000001de3f800 JavaThread "png-cruncher_15" daemon [_thread_blocked, id=13420, stack(0x00000000261e0000,0x00000000262e0000)]
  0x000000001de45000 JavaThread "png-cruncher_14" daemon [_thread_blocked, id=4704, stack(0x00000000260e0000,0x00000000261e0000)]
  0x000000001de40800 JavaThread "png-cruncher_13" daemon [_thread_blocked, id=13664, stack(0x0000000025fe0000,0x00000000260e0000)]
  0x000000001de44000 JavaThread "png-cruncher_12" daemon [_thread_blocked, id=9024, stack(0x0000000025ee0000,0x0000000025fe0000)]
  0x000000001de46800 JavaThread "png-cruncher_11" daemon [_thread_blocked, id=10428, stack(0x0000000025de0000,0x0000000025ee0000)]
  0x000000001de43800 JavaThread "png-cruncher_10" daemon [_thread_blocked, id=9000, stack(0x0000000025ce0000,0x0000000025de0000)]
  0x000000001de42800 JavaThread "png-cruncher_9" daemon [_thread_blocked, id=12728, stack(0x0000000025be0000,0x0000000025ce0000)]
  0x000000001de41000 JavaThread "png-cruncher_8" daemon [_thread_blocked, id=12524, stack(0x0000000025ae0000,0x0000000025be0000)]
  0x000000001de45800 JavaThread "png-cruncher_7" daemon [_thread_blocked, id=11428, stack(0x00000000259e0000,0x0000000025ae0000)]
  0x000000001de42000 JavaThread "png-cruncher_6" daemon [_thread_blocked, id=13576, stack(0x00000000258e0000,0x00000000259e0000)]
  0x000000001de38000 JavaThread "png-cruncher_5" daemon [_thread_blocked, id=3408, stack(0x00000000257e0000,0x00000000258e0000)]
  0x000000001de3e000 JavaThread "png-cruncher_4" daemon [_thread_blocked, id=5292, stack(0x00000000256e0000,0x00000000257e0000)]
  0x000000001de3d800 JavaThread "png-cruncher_3" daemon [_thread_blocked, id=2860, stack(0x00000000255e0000,0x00000000256e0000)]
  0x000000001de39800 JavaThread "png-cruncher_2" daemon [_thread_blocked, id=4200, stack(0x00000000254e0000,0x00000000255e0000)]
  0x000000001de3f000 JavaThread "png-cruncher_1" daemon [_thread_blocked, id=13084, stack(0x00000000253e0000,0x00000000254e0000)]
  0x000000001b54e000 JavaThread "File lock request listener" [_thread_in_native, id=10776, stack(0x000000001c390000,0x000000001c490000)]
  0x0000000019155800 JavaThread "pool-1-thread-1" [_thread_blocked, id=14112, stack(0x000000001a6c0000,0x000000001a7c0000)]
  0x00000000190b3800 JavaThread "Incoming local TCP Connector on port 59948" [_thread_in_native, id=11524, stack(0x0000000018c60000,0x0000000018d60000)]
  0x0000000017e80800 JavaThread "Service Thread" daemon [_thread_blocked, id=13256, stack(0x0000000018260000,0x0000000018360000)]
  0x0000000016516000 JavaThread "C1 CompilerThread2" daemon [_thread_blocked, id=300, stack(0x0000000017d60000,0x0000000017e60000)]
  0x000000001650e800 JavaThread "C2 CompilerThread1" daemon [_thread_blocked, id=3800, stack(0x0000000017c60000,0x0000000017d60000)]
=>0x000000001650c800 JavaThread "C2 CompilerThread0" daemon [_thread_in_native, id=14264, stack(0x0000000017b60000,0x0000000017c60000)]
  0x000000001650b000 JavaThread "Attach Listener" daemon [_thread_blocked, id=2764, stack(0x0000000017a60000,0x0000000017b60000)]
  0x000000001650a000 JavaThread "Signal Dispatcher" daemon [_thread_blocked, id=11136, stack(0x0000000017960000,0x0000000017a60000)]
  0x00000000164f8800 JavaThread "Finalizer" daemon [_thread_blocked, id=448, stack(0x0000000017770000,0x0000000017870000)]
  0x0000000002b90800 JavaThread "Reference Handler" daemon [_thread_blocked, id=13572, stack(0x0000000017670000,0x0000000017770000)]
  0x000000000107e000 JavaThread "main" [_thread_blocked, id=1844, stack(0x00000000029a0000,0x0000000002aa0000)]

Other Threads:
  0x00000000164d6000 VMThread [stack: 0x0000000017570000,0x0000000017670000] [id=4836]
  0x0000000017e83000 WatcherThread [stack: 0x0000000018360000,0x0000000018460000] [id=12144]

VM state:not at safepoint (normal execution)

VM Mutex/Monitor currently owned by a thread: None

Heap:
 PSYoungGen      total 441344K, used 90650K [0x00000000e0000000, 0x00000000ffe00000, 0x0000000100000000)
  eden space 362496K, 25% used [0x00000000e0000000,0x00000000e5886a60,0x00000000f6200000)
  from space 78848K, 0% used [0x00000000fb100000,0x00000000fb100000,0x00000000ffe00000)
  to   space 79872K, 0% used [0x00000000f6200000,0x00000000f6200000,0x00000000fb000000)
 ParOldGen       total 188416K, used 70782K [0x00000000a0000000, 0x00000000ab800000, 0x00000000e0000000)
  object space 188416K, 37% used [0x00000000a0000000,0x00000000a451faf8,0x00000000ab800000)
 Metaspace       used 74766K, capacity 78904K, committed 79152K, reserved 1118208K
  class space    used 9618K, capacity 10468K, committed 10544K, reserved 1048576K

Card table byte_map: [0x0000000011f60000,0x0000000012270000] byte_map_base: 0x0000000011a60000

Marking Bits: (ParMarkBitMap*) 0x000000005e8a9d00
 Begin Bits: [0x0000000012870000, 0x0000000014070000)
 End Bits:   [0x0000000014070000, 0x0000000015870000)

Polling page: 0x0000000001050000

CodeCache: size=245760Kb used=54770Kb max_used=55916Kb free=190989Kb
 bounds [0x0000000002ba0000, 0x00000000062b0000, 0x0000000011ba0000]
 total_blobs=15745 nmethods=14994 adapters=662
 compilation: enabled

Compilation events (10 events):
Event: 1911.355 Thread 0x0000000016516000 nmethod 19337 0x00000000058a0a50 code [0x00000000058a0ba0, 0x00000000058a0cb0]
Event: 1911.355 Thread 0x0000000016516000 19338       1       org.gradle.internal.component.local.model.DefaultLocalComponentMetaData$DefaultLocalConfigurationMetaData::isTransitive (5 bytes)
Event: 1911.356 Thread 0x0000000016516000 nmethod 19338 0x00000000058a0790 code [0x00000000058a08e0, 0x00000000058a09f0]
Event: 1911.356 Thread 0x0000000016516000 19339       1       org.gradle.internal.component.model.LocalComponentDependencyMetaData::isTransitive (5 bytes)
Event: 1911.356 Thread 0x0000000016516000 nmethod 19339 0x0000000006230690 code [0x00000000062307e0, 0x00000000062308f0]
Event: 1911.356 Thread 0x000000001650e800 19340       4       org.gradle.internal.resolve.result.DefaultBuildableModuleComponentMetaDataResolveResult::assertResolved (36 bytes)
Event: 1911.356 Thread 0x000000001650c800 19341       4       org.gradle.api.internal.artifacts.ivyservice.resolveengine.graph.DependencyGraphBuilder$ConfigurationNode::visitOutgoingDependencies (326 bytes)
Event: 1911.357 Thread 0x000000001650e800 nmethod 19340 0x0000000005a9f990 code [0x0000000005a9fae0, 0x0000000005a9fb78]
Event: 1911.362 Thread 0x0000000016516000 19342       3       org.gradle.api.internal.artifacts.repositories.resolver.ExternalResourceResolver$RemoteRepositoryAccess::checkArtifactsResolved (56 bytes)
Event: 1911.364 Thread 0x0000000016516000 nmethod 19342 0x0000000005af6550 code [0x0000000005af67e0, 0x0000000005af79d8]

GC Heap History (10 events):
Event: 1418.031 GC heap before
{Heap before GC invocations=43 (full 8):
 PSYoungGen      total 429056K, used 405340K [0x00000000e0000000, 0x0000000100000000, 0x0000000100000000)
  eden space 345088K, 100% used [0x00000000e0000000,0x00000000f5100000,0x00000000f5100000)
  from space 83968K, 71% used [0x00000000fa980000,0x00000000fe457398,0x00000000ffb80000)
  to   space 89600K, 0% used [0x00000000f5100000,0x00000000f5100000,0x00000000fa880000)
 ParOldGen       total 188416K, used 72589K [0x00000000a0000000, 0x00000000ab800000, 0x00000000e0000000)
  object space 188416K, 38% used [0x00000000a0000000,0x00000000a46e36e0,0x00000000ab800000)
 Metaspace       used 74614K, capacity 78752K, committed 78896K, reserved 1118208K
  class space    used 9610K, capacity 10460K, committed 10544K, reserved 1048576K
Event: 1418.221 GC heap after
Heap after GC invocations=43 (full 8):
 PSYoungGen      total 434688K, used 22727K [0x00000000e0000000, 0x00000000ffd80000, 0x0000000100000000)
  eden space 345088K, 0% used [0x00000000e0000000,0x00000000e0000000,0x00000000f5100000)
  from space 89600K, 25% used [0x00000000f5100000,0x00000000f6731c78,0x00000000fa880000)
  to   space 85504K, 0% used [0x00000000faa00000,0x00000000faa00000,0x00000000ffd80000)
 ParOldGen       total 188416K, used 81267K [0x00000000a0000000, 0x00000000ab800000, 0x00000000e0000000)
  object space 188416K, 43% used [0x00000000a0000000,0x00000000a4f5cd28,0x00000000ab800000)
 Metaspace       used 74614K, capacity 78752K, committed 78896K, reserved 1118208K
  class space    used 9610K, capacity 10460K, committed 10544K, reserved 1048576K
}
Event: 1420.657 GC heap before
{Heap before GC invocations=44 (full 8):
 PSYoungGen      total 434688K, used 367814K [0x00000000e0000000, 0x00000000ffd80000, 0x0000000100000000)
  eden space 345088K, 99% used [0x00000000e0000000,0x00000000f50ffe18,0x00000000f5100000)
  from space 89600K, 25% used [0x00000000f5100000,0x00000000f6731c78,0x00000000fa880000)
  to   space 85504K, 0% used [0x00000000faa00000,0x00000000faa00000,0x00000000ffd80000)
 ParOldGen       total 188416K, used 81267K [0x00000000a0000000, 0x00000000ab800000, 0x00000000e0000000)
  object space 188416K, 43% used [0x00000000a0000000,0x00000000a4f5cd28,0x00000000ab800000)
 Metaspace       used 74627K, capacity 78752K, committed 78896K, reserved 1118208K
  class space    used 9610K, capacity 10460K, committed 10544K, reserved 1048576K
Event: 1420.784 GC heap after
Heap after GC invocations=44 (full 8):
 PSYoungGen      total 428032K, used 16513K [0x00000000e0000000, 0x00000000ff700000, 0x0000000100000000)
  eden space 349184K, 0% used [0x00000000e0000000,0x00000000e0000000,0x00000000f5500000)
  from space 78848K, 20% used [0x00000000faa00000,0x00000000fba205f8,0x00000000ff700000)
  to   space 82944K, 0% used [0x00000000f5500000,0x00000000f5500000,0x00000000fa600000)
 ParOldGen       total 188416K, used 85940K [0x00000000a0000000, 0x00000000ab800000, 0x00000000e0000000)
  object space 188416K, 45% used [0x00000000a0000000,0x00000000a53ed110,0x00000000ab800000)
 Metaspace       used 74627K, capacity 78752K, committed 78896K, reserved 1118208K
  class space    used 9610K, capacity 10460K, committed 10544K, reserved 1048576K
}
Event: 1423.297 GC heap before
{Heap before GC invocations=45 (full 8):
 PSYoungGen      total 428032K, used 363238K [0x00000000e0000000, 0x00000000ff700000, 0x0000000100000000)
  eden space 349184K, 99% used [0x00000000e0000000,0x00000000f5299368,0x00000000f5500000)
  from space 78848K, 20% used [0x00000000faa00000,0x00000000fba205f8,0x00000000ff700000)
  to   space 82944K, 0% used [0x00000000f5500000,0x00000000f5500000,0x00000000fa600000)
 ParOldGen       total 188416K, used 85940K [0x00000000a0000000, 0x00000000ab800000, 0x00000000e0000000)
  object space 188416K, 45% used [0x00000000a0000000,0x00000000a53ed110,0x00000000ab800000)
 Metaspace       used 74661K, capacity 78816K, committed 79152K, reserved 1118208K
  class space    used 9610K, capacity 10460K, committed 10544K, reserved 1048576K
Event: 1423.382 GC heap after
Heap after GC invocations=45 (full 8):
 PSYoungGen      total 432128K, used 8634K [0x00000000e0000000, 0x0000000100000000, 0x0000000100000000)
  eden space 349184K, 0% used [0x00000000e0000000,0x00000000e0000000,0x00000000f5500000)
  from space 82944K, 10% used [0x00000000f5500000,0x00000000f5d6eb50,0x00000000fa600000)
  to   space 80896K, 0% used [0x00000000fb100000,0x00000000fb100000,0x0000000100000000)
 ParOldGen       total 188416K, used 90080K [0x00000000a0000000, 0x00000000ab800000, 0x00000000e0000000)
  object space 188416K, 47% used [0x00000000a0000000,0x00000000a57f8260,0x00000000ab800000)
 Metaspace       used 74661K, capacity 78816K, committed 79152K, reserved 1118208K
  class space    used 9610K, capacity 10460K, committed 10544K, reserved 1048576K
}
Event: 1424.451 GC heap before
{Heap before GC invocations=46 (full 8):
 PSYoungGen      total 432128K, used 240648K [0x00000000e0000000, 0x0000000100000000, 0x0000000100000000)
  eden space 349184K, 66% used [0x00000000e0000000,0x00000000ee2936c8,0x00000000f5500000)
  from space 82944K, 10% used [0x00000000f5500000,0x00000000f5d6eb50,0x00000000fa600000)
  to   space 80896K, 0% used [0x00000000fb100000,0x00000000fb100000,0x0000000100000000)
 ParOldGen       total 188416K, used 90080K [0x00000000a0000000, 0x00000000ab800000, 0x00000000e0000000)
  object space 188416K, 47% used [0x00000000a0000000,0x00000000a57f8260,0x00000000ab800000)
 Metaspace       used 74689K, capacity 78816K, committed 79152K, reserved 1118208K
  class space    used 9610K, capacity 10460K, committed 10544K, reserved 1048576K
Event: 1424.501 GC heap after
Heap after GC invocations=46 (full 8):
 PSYoungGen      total 441344K, used 2956K [0x00000000e0000000, 0x00000000ffe00000, 0x0000000100000000)
  eden space 362496K, 0% used [0x00000000e0000000,0x00000000e0000000,0x00000000f6200000)
  from space 78848K, 3% used [0x00000000fb100000,0x00000000fb3e3288,0x00000000ffe00000)
  to   space 79872K, 0% used [0x00000000f6200000,0x00000000f6200000,0x00000000fb000000)
 ParOldGen       total 188416K, used 92258K [0x00000000a0000000, 0x00000000ab800000, 0x00000000e0000000)
  object space 188416K, 48% used [0x00000000a0000000,0x00000000a5a189d8,0x00000000ab800000)
 Metaspace       used 74689K, capacity 78816K, committed 79152K, reserved 1118208K
  class space    used 9610K, capacity 10460K, committed 10544K, reserved 1048576K
}
Event: 1424.501 GC heap before
{Heap before GC invocations=47 (full 9):
 PSYoungGen      total 441344K, used 2956K [0x00000000e0000000, 0x00000000ffe00000, 0x0000000100000000)
  eden space 362496K, 0% used [0x00000000e0000000,0x00000000e0000000,0x00000000f6200000)
  from space 78848K, 3% used [0x00000000fb100000,0x00000000fb3e3288,0x00000000ffe00000)
  to   space 79872K, 0% used [0x00000000f6200000,0x00000000f6200000,0x00000000fb000000)
 ParOldGen       total 188416K, used 92258K [0x00000000a0000000, 0x00000000ab800000, 0x00000000e0000000)
  object space 188416K, 48% used [0x00000000a0000000,0x00000000a5a189d8,0x00000000ab800000)
 Metaspace       used 74689K, capacity 78816K, committed 79152K, reserved 1118208K
  class space    used 9610K, capacity 10460K, committed 10544K, reserved 1048576K
Event: 1424.871 GC heap after
Heap after GC invocations=47 (full 9):
 PSYoungGen      total 441344K, used 0K [0x00000000e0000000, 0x00000000ffe00000, 0x0000000100000000)
  eden space 362496K, 0% used [0x00000000e0000000,0x00000000e0000000,0x00000000f6200000)
  from space 78848K, 0% used [0x00000000fb100000,0x00000000fb100000,0x00000000ffe00000)
  to   space 79872K, 0% used [0x00000000f6200000,0x00000000f6200000,0x00000000fb000000)
 ParOldGen       total 188416K, used 70782K [0x00000000a0000000, 0x00000000ab800000, 0x00000000e0000000)
  object space 188416K, 37% used [0x00000000a0000000,0x00000000a451faf8,0x00000000ab800000)
 Metaspace       used 74689K, capacity 78816K, committed 79152K, reserved 1118208K
  class space    used 9610K, capacity 10460K, committed 10544K, reserved 1048576K
}

Deoptimization events (10 events):
Event: 1421.075 Thread 0x000000001d1f2000 Uncommon trap: reason=class_check action=maybe_recompile pc=0x00000000055fa030 method=com.android.dx.ssa.SCCP.replaceConstants()V @ 182
Event: 1421.751 Thread 0x000000001d1f7000 Uncommon trap: reason=unstable_if action=reinterpret pc=0x0000000005198118 method=java.util.concurrent.locks.AbstractQueuedSynchronizer.acquire(I)V @ 20
Event: 1423.687 Thread 0x0000000021525800 Uncommon trap: reason=null_check action=make_not_entrant pc=0x0000000004867330 method=java.security.Provider.getService(Ljava/lang/String;Ljava/lang/String;)Ljava/security/Provider$Service; @ 84
Event: 1424.176 Thread 0x0000000021525800 Uncommon trap: reason=unstable_if action=reinterpret pc=0x0000000004e2f71c method=java.util.concurrent.ConcurrentHashMap.clear()V @ 19
Event: 1892.305 Thread 0x000000002152b800 Uncommon trap: reason=unstable_if action=reinterpret pc=0x0000000004fea710 method=com.google.common.collect.MapMakerInternalMap$Segment.drainKeyReferenceQueue()V @ 33
Event: 1894.829 Thread 0x000000002152b800 Uncommon trap: reason=array_check action=maybe_recompile pc=0x00000000040ed22c method=java.util.ComparableTimSort.reverseRange([Ljava/lang/Object;II)V @ 27
Event: 1906.964 Thread 0x000000002152b800 Uncommon trap: reason=speculate_class_check action=maybe_recompile pc=0x000000000627925c method=java.util.RegularEnumSet.remove(Ljava/lang/Object;)Z @ 44
Event: 1906.964 Thread 0x000000002152b800 Uncommon trap: reason=speculate_class_check action=maybe_recompile pc=0x000000000627925c method=java.util.RegularEnumSet.remove(Ljava/lang/Object;)Z @ 44
Event: 1906.964 Thread 0x000000002152b800 Uncommon trap: reason=speculate_class_check action=maybe_recompile pc=0x000000000627925c method=java.util.RegularEnumSet.remove(Ljava/lang/Object;)Z @ 44
Event: 1906.964 Thread 0x000000002152b800 Uncommon trap: reason=speculate_class_check action=maybe_recompile pc=0x000000000627925c method=java.util.RegularEnumSet.remove(Ljava/lang/Object;)Z @ 44

Internal exceptions (10 events):
Event: 1171.851 Thread 0x000000001c157800 Implicit null exception at 0x00000000054e34b4 to 0x00000000054e3e89
Event: 1173.354 Thread 0x0000000021525800 Implicit null exception at 0x0000000005a7c76a to 0x0000000005a7da3d
Event: 1178.562 Thread 0x000000001d1ee000 Implicit null exception at 0x000000000486d62c to 0x000000000486e5d9
Event: 1178.822 Thread 0x000000001d1ee000 Exception <a 'java/io/FileNotFoundException'> (0x00000000f1221f38) thrown at [C:\src\android\AOSP-openjdk\external\jetbrains\jdk\hotspot\src\share\vm\prims\jni.cpp, line 709]
Event: 1341.632 Thread 0x0000000021525800 Exception <a 'java/lang/ClassNotFoundException': asLocalRepo623_1jko96t1gz6z8vsseneuwf533BeanInfo> (0x00000000e068aa60) thrown at [C:\src\android\AOSP-openjdk\external\jetbrains\jdk\hotspot\src\share\vm\classfile\systemDictionary.cpp, line 210]
Event: 1341.632 Thread 0x0000000021525800 Exception <a 'java/lang/ClassNotFoundException': asLocalRepo623_1jko96t1gz6z8vsseneuwf533Customizer> (0x00000000e0694650) thrown at [C:\src\android\AOSP-openjdk\external\jetbrains\jdk\hotspot\src\share\vm\classfile\systemDictionary.cpp, line 210]
Event: 1418.303 Thread 0x000000001d1ef000 Implicit null exception at 0x000000000627bd4f to 0x000000000627c1a9
Event: 1423.687 Thread 0x0000000021525800 Implicit null exception at 0x0000000004866616 to 0x0000000004867325
Event: 1894.846 Thread 0x000000002152b800 Exception <a 'java/lang/ClassNotFoundException': asLocalRepo642_b1l4zjkqgkvyxfcpq2iftvquyBeanInfo> (0x00000000e0877410) thrown at [C:\src\android\AOSP-openjdk\external\jetbrains\jdk\hotspot\src\share\vm\classfile\systemDictionary.cpp, line 210]
Event: 1894.848 Thread 0x000000002152b800 Exception <a 'java/lang/ClassNotFoundException': asLocalRepo642_b1l4zjkqgkvyxfcpq2iftvquyCustomizer> (0x00000000e0881000) thrown at [C:\src\android\AOSP-openjdk\external\jetbrains\jdk\hotspot\src\share\vm\classfile\systemDictionary.cpp, line 210]

Events (10 events):
Event: 1906.964 Thread 0x000000002152b800 DEOPT UNPACKING pc=0x0000000002be556a sp=0x000000003ceda8c8 mode 2
Event: 1906.964 Thread 0x000000002152b800 Uncommon trap: trap_request=0xffffff76 fr.pc=0x000000000627925c
Event: 1906.964 Thread 0x000000002152b800 DEOPT PACKING pc=0x000000000627925c sp=0x000000003ceda950
Event: 1906.964 Thread 0x000000002152b800 DEOPT UNPACKING pc=0x0000000002be556a sp=0x000000003ceda8c8 mode 2
Event: 1906.964 Thread 0x000000002152b800 Uncommon trap: trap_request=0xffffff76 fr.pc=0x000000000627925c
Event: 1906.964 Thread 0x000000002152b800 DEOPT PACKING pc=0x000000000627925c sp=0x000000003ceda950
Event: 1906.964 Thread 0x000000002152b800 DEOPT UNPACKING pc=0x0000000002be556a sp=0x000000003ceda8c8 mode 2
Event: 1906.964 Thread 0x000000002152b800 Uncommon trap: trap_request=0xffffff76 fr.pc=0x000000000627925c
Event: 1906.964 Thread 0x000000002152b800 DEOPT PACKING pc=0x000000000627925c sp=0x000000003ceda950
Event: 1906.964 Thread 0x000000002152b800 DEOPT UNPACKING pc=0x0000000002be556a sp=0x000000003ceda8c8 mode 2


Dynamic libraries:
0x00007ff77f5d0000 - 0x00007ff77f601000 	D:\Program Files\Android\Android Studio\jre\bin\java.exe
0x00007ff9ed7c0000 - 0x00007ff9ed991000 	C:\WINDOWS\SYSTEM32\ntdll.dll
0x00007ff9ecd50000 - 0x00007ff9ecdfb000 	C:\WINDOWS\System32\KERNEL32.DLL
0x00007ff9ea260000 - 0x00007ff9ea47d000 	C:\WINDOWS\System32\KERNELBASE.dll
0x00007ff9ecf40000 - 0x00007ff9ecfe2000 	C:\WINDOWS\System32\ADVAPI32.dll
0x00007ff9ed710000 - 0x00007ff9ed7ae000 	C:\WINDOWS\System32\msvcrt.dll
0x00007ff9ec2d0000 - 0x00007ff9ec329000 	C:\WINDOWS\System32\sechost.dll
0x00007ff9ed580000 - 0x00007ff9ed6a1000 	C:\WINDOWS\System32\RPCRT4.dll
0x00007ff9ed3f0000 - 0x00007ff9ed555000 	C:\WINDOWS\System32\USER32.dll
0x00007ff9ea140000 - 0x00007ff9ea15e000 	C:\WINDOWS\System32\win32u.dll
0x00007ff9ed210000 - 0x00007ff9ed244000 	C:\WINDOWS\System32\GDI32.dll
0x00007ff9ea480000 - 0x00007ff9ea602000 	C:\WINDOWS\System32\gdi32full.dll
0x00007ff9d9230000 - 0x00007ff9d94a9000 	C:\WINDOWS\WinSxS\amd64_microsoft.windows.common-controls_6595b64144ccf1df_6.0.14393.447_none_42191651c6827bb3\COMCTL32.dll
0x00007ff9ec360000 - 0x00007ff9ec628000 	C:\WINDOWS\System32\combase.dll
0x00007ff9ea160000 - 0x00007ff9ea255000 	C:\WINDOWS\System32\ucrtbase.dll
0x00007ff9ea0d0000 - 0x00007ff9ea13a000 	C:\WINDOWS\System32\bcryptPrimitives.dll
0x00007ff9ec330000 - 0x00007ff9ec35e000 	C:\WINDOWS\System32\IMM32.DLL
0x000000005df30000 - 0x000000005e002000 	D:\Program Files\Android\Android Studio\jre\jre\bin\msvcr100.dll
0x000000005e0f0000 - 0x000000005e924000 	D:\Program Files\Android\Android Studio\jre\jre\bin\server\jvm.dll
0x00007ff9ed560000 - 0x00007ff9ed568000 	C:\WINDOWS\System32\PSAPI.DLL
0x00007ff9e7ce0000 - 0x00007ff9e7d03000 	C:\WINDOWS\SYSTEM32\WINMM.dll
0x00007ff9de690000 - 0x00007ff9de69a000 	C:\WINDOWS\SYSTEM32\VERSION.dll
0x00007ff9d0c80000 - 0x00007ff9d0c89000 	C:\WINDOWS\SYSTEM32\WSOCK32.dll
0x00007ff9e7c80000 - 0x00007ff9e7cab000 	C:\WINDOWS\SYSTEM32\WINMMBASE.dll
0x00007ff9ea080000 - 0x00007ff9ea0c2000 	C:\WINDOWS\System32\cfgmgr32.dll
0x00007ff9ec8b0000 - 0x00007ff9ec91a000 	C:\WINDOWS\System32\WS2_32.dll
0x00007ff9dc580000 - 0x00007ff9dc58f000 	D:\Program Files\Android\Android Studio\jre\jre\bin\verify.dll
0x00007ff9d03e0000 - 0x00007ff9d0409000 	D:\Program Files\Android\Android Studio\jre\jre\bin\java.dll
0x00007ff9db610000 - 0x00007ff9db626000 	D:\Program Files\Android\Android Studio\jre\jre\bin\zip.dll
0x00007ff9ead50000 - 0x00007ff9ec259000 	C:\WINDOWS\System32\SHELL32.dll
0x00007ff9ea670000 - 0x00007ff9ead4a000 	C:\WINDOWS\System32\windows.storage.dll
0x00007ff9e9c20000 - 0x00007ff9e9c6c000 	C:\WINDOWS\System32\powrprof.dll
0x00007ff9ed6b0000 - 0x00007ff9ed702000 	C:\WINDOWS\System32\shlwapi.dll
0x00007ff9e9ca0000 - 0x00007ff9e9caf000 	C:\WINDOWS\System32\kernel.appcore.dll
0x00007ff9e9e80000 - 0x00007ff9e9f29000 	C:\WINDOWS\System32\shcore.dll
0x00007ff9e9c70000 - 0x00007ff9e9c84000 	C:\WINDOWS\System32\profapi.dll
0x00007ff9d03c0000 - 0x00007ff9d03da000 	D:\Program Files\Android\Android Studio\jre\jre\bin\net.dll
0x00007ff9e9550000 - 0x00007ff9e95ac000 	C:\WINDOWS\system32\mswsock.dll
0x00007ff9d03a0000 - 0x00007ff9d03b1000 	D:\Program Files\Android\Android Studio\jre\jre\bin\nio.dll
0x00007ff9cde90000 - 0x00007ff9cdea2000 	C:\Users\yeskarthik\.gradle\native\19\windows-amd64\native-platform.dll
0x00007ff9e9700000 - 0x00007ff9e9717000 	C:\WINDOWS\SYSTEM32\CRYPTSP.dll
0x00007ff9e9160000 - 0x00007ff9e9193000 	C:\WINDOWS\system32\rsaenh.dll
0x00007ff9e9b60000 - 0x00007ff9e9b8b000 	C:\WINDOWS\SYSTEM32\bcrypt.dll
0x00007ff9e93d0000 - 0x00007ff9e93ef000 	C:\WINDOWS\SYSTEM32\USERENV.dll
0x00007ff9e96f0000 - 0x00007ff9e96fb000 	C:\WINDOWS\SYSTEM32\CRYPTBASE.dll
0x00007ff9e92e0000 - 0x00007ff9e9318000 	C:\WINDOWS\SYSTEM32\IPHLPAPI.DLL
0x00007ff9ed570000 - 0x00007ff9ed578000 	C:\WINDOWS\System32\NSI.dll
0x00007ff9de520000 - 0x00007ff9de536000 	C:\WINDOWS\SYSTEM32\dhcpcsvc6.DLL
0x00007ff9de730000 - 0x00007ff9de74a000 	C:\WINDOWS\SYSTEM32\dhcpcsvc.DLL
0x00007ff9dbf60000 - 0x00007ff9dbf6d000 	D:\Program Files\Android\Android Studio\jre\jre\bin\management.dll
0x00007ff9e8150000 - 0x00007ff9e81ca000 	C:\WINDOWS\system32\apphelp.dll
0x00007ff9cdeb0000 - 0x00007ff9cded4000 	D:\Program Files\Android\Android Studio\jre\jre\bin\sunec.dll
0x00007ff9e2cc0000 - 0x00007ff9e2ccb000 	D:\Program Files\Android\Android Studio\jre\jre\bin\sunmscapi.dll
0x00007ff9e9cb0000 - 0x00007ff9e9e79000 	C:\WINDOWS\System32\CRYPT32.dll
0x00007ff9e9c90000 - 0x00007ff9e9ca0000 	C:\WINDOWS\System32\MSASN1.dll

VM Arguments:
jvm_args: -Xmx1536m -Dfile.encoding=windows-1252 -Duser.country=US -Duser.language=en -Duser.variant 
java_command: org.gradle.launcher.daemon.bootstrap.GradleDaemon 2.14.1
java_class_path (initial): D:\Program Files\Android\Android Studio\gradle\gradle-2.14.1\lib\gradle-launcher-2.14.1.jar
Launcher Type: SUN_STANDARD

Environment Variables:
JAVA_HOME=D:\Program Files\Java\jdk1.7.0_80
PATH=D:\Program Files\ImageMagick-7.0.3-Q16;C:\WINDOWS\system32;C:\WINDOWS;C:\WINDOWS\System32\Wbem;C:\WINDOWS\System32\WindowsPowerShell\v1.0\;C:\Program Files (x86)\Skype\Phone\;C:\WINDOWS\system32\config\systemprofile\.dnx\bin;C:\Program Files\Microsoft DNX\Dnvm\;C:\Program Files\Microsoft SQL Server\130\Tools\Binn\;D:\Program Files\Git\cmd;D:\Program Files\MATLAB\R2016a\bin;C:\Program Files (x86)\Windows Live\Shared;D:\Program Files (x86)\OpenVPN\bin;D:\hadoop-2.6.0\bin;D:\hadoop-2.6.0\sbin;D:\hadoop-2.6.0\share\hadoop\common\*;D:\hadoop-2.6.0\share\hadoop\hdfs;D:\hadoop-2.6.0\share\hadoop\hdfs\lib\*;D:\hadoop-2.6.0\share\hadoop\hdfs\*;D:\hadoop-2.6.0\share\hadoop\yarn\lib\*;D:\hadoop-2.6.0\share\hadoop\yarn\*;D:\hadoop-2.6.0\share\hadoop\mapreduce\lib\*;D:\hadoop-2.6.0\share\hadoop\mapreduce\*;D:\hadoop-2.6.0\share\hadoop\common\lib\*;D:\Users\yeskarthik\Anaconda2;D:\Users\yeskarthik\Anaconda2\Scripts;D:\Users\yeskarthik\Anaconda2\Library\bin;C:\Users\yeskarthik\AppData\Local\Microsoft\WindowsApps;D:\Program Files (x86)\Microsoft VS Code\bin;C:\Python27;C:\Python27\Scripts;D:\Program Files\Java\jdk1.7.0_80\bin;D:\Setups\maven\apache-maven-3.3.9\bin;D:\hadoop-2.6.2\bin;D:\hadoop-2.6.2\share\hadoop\common\*;D:\hadoop-2.6.2\share\hadoop\hdfs;D:\hadoop-2.6.2\share\hadoop\hdfs\lib\*;D:\hadoop-2.6.2\share\hadoop\hdfs\*;D:\hadoop-2.6.2\share\hadoop\yarn\lib\*;D:\hadoop-2.6.2\share\hadoop\yarn\*;D:\hadoop-2.6.2\share\hadoop\mapreduce\lib\*;D:\hadoop-2.6.2\share\hadoop\mapreduce\*;D:\hadoop-2.6.2\share\hadoop\common\lib\*
USERNAME=yeskarthik
OS=Windows_NT
PROCESSOR_IDENTIFIER=Intel64 Family 6 Model 78 Stepping 3, GenuineIntel



---------------  S Y S T E M  ---------------

OS: Windows 10.0 , 64 bit Build 14393 (10.0.14393.0)

CPU:total 4 (2 cores per cpu, 2 threads per core) family 6 model 78 stepping 3, cmov, cx8, fxsr, mmx, sse, sse2, sse3, ssse3, sse4.1, sse4.2, popcnt, avx, avx2, aes, clmul, erms, rtm, 3dnowpref, lzcnt, ht, tsc, tscinvbit, bmi1, bmi2, adx

Memory: 4k page, physical 8312976k(251552k free), swap 23573772k(336k free)

vm_info: OpenJDK 64-Bit Server VM (25.76-b03) for windows-amd64 JRE (1.8.0_76-release-b03), built on Jun 29 2016 19:09:20 by "ralucas" with MS VC++ 10.0 (VS2010)

time: Mon Feb 27 15:24:52 2017
elapsed time: 1912 seconds (0d 0h 31m 52s)

